<?xml version="1.0" encoding="UTF-8"?>
<!-- Generated by org.testng.reporters.JUnitXMLReporter -->
<testsuite ignored="0" hostname="DESKTOP-77H310P" failures="7" tests="32" name="Automation" time="136.154" errors="0" timestamp="2022-03-24T00:24:25 SAST">
  <testcase classname="com.crm.Test_Cases.customePageTest" name="@BeforeMethod setUp" time="7.556">
    <failure type="org.openqa.selenium.NoSuchWindowException" message="no such window: target window already closed
from unknown error: web view not found
  (Session info: chrome=99.0.4844.82)
Build info: version: &amp;apos;4.1.2&amp;apos;, revision: &amp;apos;9a5a329c5a&amp;apos;
System info: host: &amp;apos;DESKTOP-77H310P&amp;apos;, ip: &amp;apos;192.168.135.63&amp;apos;, os.name: &amp;apos;Windows 10&amp;apos;, os.arch: &amp;apos;amd64&amp;apos;, os.version: &amp;apos;10.0&amp;apos;, java.version: &amp;apos;17.0.2&amp;apos;
Driver info: org.openqa.selenium.chrome.ChromeDriver
Command: [08d4323a5a56e868e9020ba9374c2bb3, findElement {using=name, value=uid}]
Capabilities {acceptInsecureCerts: false, browserName: chrome, browserVersion: 99.0.4844.82, chrome: {chromedriverVersion: 99.0.4844.51 (d537ec02474b5..., userDataDir: C:\Users\Admin\AppData\Loca...}, goog:chromeOptions: {debuggerAddress: localhost:50394}, javascriptEnabled: true, networkConnectionEnabled: false, pageLoadStrategy: normal, platform: WINDOWS, platformName: WINDOWS, proxy: Proxy(), se:cdp: ws://localhost:50394/devtoo..., se:cdpVersion: 99.0.4844.82, setWindowRect: true, strictFileInteractability: false, timeouts: {implicit: 0, pageLoad: 300000, script: 30000}, unhandledPromptBehavior: dismiss and notify, webauthn:extension:credBlob: true, webauthn:extension:largeBlob: true, webauthn:virtualAuthenticators: true}
Session ID: 08d4323a5a56e868e9020ba9374c2bb3">
      <![CDATA[org.openqa.selenium.NoSuchWindowException: no such window: target window already closed
from unknown error: web view not found
  (Session info: chrome=99.0.4844.82)
Build info: version: '4.1.2', revision: '9a5a329c5a'
System info: host: 'DESKTOP-77H310P', ip: '192.168.135.63', os.name: 'Windows 10', os.arch: 'amd64', os.version: '10.0', java.version: '17.0.2'
Driver info: org.openqa.selenium.chrome.ChromeDriver
Command: [08d4323a5a56e868e9020ba9374c2bb3, findElement {using=name, value=uid}]
Capabilities {acceptInsecureCerts: false, browserName: chrome, browserVersion: 99.0.4844.82, chrome: {chromedriverVersion: 99.0.4844.51 (d537ec02474b5..., userDataDir: C:\Users\Admin\AppData\Loca...}, goog:chromeOptions: {debuggerAddress: localhost:50394}, javascriptEnabled: true, networkConnectionEnabled: false, pageLoadStrategy: normal, platform: WINDOWS, platformName: WINDOWS, proxy: Proxy(), se:cdp: ws://localhost:50394/devtoo..., se:cdpVersion: 99.0.4844.82, setWindowRect: true, strictFileInteractability: false, timeouts: {implicit: 0, pageLoad: 300000, script: 30000}, unhandledPromptBehavior: dismiss and notify, webauthn:extension:credBlob: true, webauthn:extension:largeBlob: true, webauthn:virtualAuthenticators: true}
Session ID: 08d4323a5a56e868e9020ba9374c2bb3
at org.openqa.selenium.remote.codec.w3c.W3CHttpResponseCodec.createException(W3CHttpResponseCodec.java:200)
at org.openqa.selenium.remote.codec.w3c.W3CHttpResponseCodec.decode(W3CHttpResponseCodec.java:133)
at org.openqa.selenium.remote.codec.w3c.W3CHttpResponseCodec.decode(W3CHttpResponseCodec.java:53)
at org.openqa.selenium.remote.HttpCommandExecutor.execute(HttpCommandExecutor.java:184)
at org.openqa.selenium.remote.service.DriverCommandExecutor.invokeExecute(DriverCommandExecutor.java:167)
at org.openqa.selenium.remote.service.DriverCommandExecutor.execute(DriverCommandExecutor.java:142)
at org.openqa.selenium.remote.RemoteWebDriver.execute(RemoteWebDriver.java:558)
at org.openqa.selenium.remote.ElementLocation$ElementFinder$2.findElement(ElementLocation.java:162)
at org.openqa.selenium.remote.ElementLocation.findElement(ElementLocation.java:66)
at org.openqa.selenium.remote.RemoteWebDriver.findElement(RemoteWebDriver.java:382)
at org.openqa.selenium.remote.RemoteWebDriver.findElement(RemoteWebDriver.java:374)
at org.openqa.selenium.support.pagefactory.DefaultElementLocator.findElement(DefaultElementLocator.java:70)
at org.openqa.selenium.support.pagefactory.internal.LocatingElementHandler.invoke(LocatingElementHandler.java:39)
at jdk.proxy2/jdk.proxy2.$Proxy17.sendKeys(Unknown Source)
at qa.Pages.LoginPage.login(LoginPage.java:49)
at com.crm.Test_Cases.customePageTest.setUp(customePageTest.java:41)
at java.base/java.util.ArrayList.forEach(ArrayList.java:1511)
... Removed 36 stack frames]]>
    </failure>
  </testcase> <!-- @BeforeMethod setUp -->
  <testcase classname="com.crm.Test_Cases.customePageTest" name="@AfterMethod exitBrowser" time="0.0">
    <skipped/>
  </testcase> <!-- @AfterMethod exitBrowser -->
  <testcase classname="com.crm.Test_Cases.customePageTest" name="@BeforeMethod setUp" time="0.0">
    <skipped/>
  </testcase> <!-- @BeforeMethod setUp -->
  <testcase classname="com.crm.Test_Cases.customePageTest" name="@AfterMethod exitBrowser" time="0.0">
    <skipped/>
  </testcase> <!-- @AfterMethod exitBrowser -->
  <testcase classname="com.crm.Test_Cases.customePageTest" name="@BeforeMethod setUp" time="0.0">
    <skipped/>
  </testcase> <!-- @BeforeMethod setUp -->
  <testcase classname="com.crm.Test_Cases.customePageTest" name="@AfterMethod exitBrowser" time="0.0">
    <skipped/>
  </testcase> <!-- @AfterMethod exitBrowser -->
  <testcase classname="com.crm.Test_Cases.customePageTest" name="@BeforeMethod setUp" time="0.0">
    <skipped/>
  </testcase> <!-- @BeforeMethod setUp -->
  <testcase classname="com.crm.Test_Cases.customePageTest" name="@AfterMethod exitBrowser" time="0.0">
    <skipped/>
  </testcase> <!-- @AfterMethod exitBrowser -->
  <testcase classname="com.crm.Test_Cases.customePageTest" name="@BeforeMethod setUp" time="0.0">
    <skipped/>
  </testcase> <!-- @BeforeMethod setUp -->
  <testcase classname="com.crm.Test_Cases.customePageTest" name="@AfterMethod exitBrowser" time="0.0">
    <skipped/>
  </testcase> <!-- @AfterMethod exitBrowser -->
  <testcase classname="com.crm.Test_Cases.customePageTest" name="@BeforeMethod setUp" time="0.0">
    <skipped/>
  </testcase> <!-- @BeforeMethod setUp -->
  <testcase classname="com.crm.Test_Cases.customePageTest" name="@AfterMethod exitBrowser" time="0.0">
    <skipped/>
  </testcase> <!-- @AfterMethod exitBrowser -->
  <testcase classname="com.crm.Test_Cases.customePageTest" name="@BeforeMethod setUp" time="0.0">
    <skipped/>
  </testcase> <!-- @BeforeMethod setUp -->
  <testcase classname="com.crm.Test_Cases.customePageTest" name="@AfterMethod exitBrowser" time="0.0">
    <skipped/>
  </testcase> <!-- @AfterMethod exitBrowser -->
  <testcase classname="com.crm.Test_Cases.customePageTest" name="@BeforeMethod setUp" time="0.0">
    <skipped/>
  </testcase> <!-- @BeforeMethod setUp -->
  <testcase classname="com.crm.Test_Cases.customePageTest" name="@AfterMethod exitBrowser" time="0.0">
    <skipped/>
  </testcase> <!-- @AfterMethod exitBrowser -->
  <testcase classname="com.crm.Test_Cases.customePageTest" name="@BeforeMethod setUp" time="0.0">
    <skipped/>
  </testcase> <!-- @BeforeMethod setUp -->
  <testcase classname="com.crm.Test_Cases.customePageTest" name="@AfterMethod exitBrowser" time="0.0">
    <skipped/>
  </testcase> <!-- @AfterMethod exitBrowser -->
  <testcase classname="com.crm.Test_Cases.customePageTest" name="@BeforeMethod setUp" time="0.0">
    <skipped/>
  </testcase> <!-- @BeforeMethod setUp -->
  <testcase classname="com.crm.Test_Cases.customePageTest" name="@AfterMethod exitBrowser" time="0.0">
    <skipped/>
  </testcase> <!-- @AfterMethod exitBrowser -->
  <testcase classname="com.crm.Test_Cases.customePageTest" name="@BeforeMethod setUp" time="0.0">
    <skipped/>
  </testcase> <!-- @BeforeMethod setUp -->
  <testcase classname="com.crm.Test_Cases.customePageTest" name="@AfterMethod exitBrowser" time="0.0">
    <skipped/>
  </testcase> <!-- @AfterMethod exitBrowser -->
  <testcase classname="com.crm.Test_Cases.customePageTest" name="@BeforeMethod setUp" time="0.0">
    <skipped/>
  </testcase> <!-- @BeforeMethod setUp -->
  <testcase classname="com.crm.Test_Cases.customePageTest" name="@AfterMethod exitBrowser" time="0.0">
    <skipped/>
  </testcase> <!-- @AfterMethod exitBrowser -->
  <testcase classname="com.crm.Test_Cases.customePageTest" name="@BeforeMethod setUp" time="0.0">
    <skipped/>
  </testcase> <!-- @BeforeMethod setUp -->
  <testcase classname="com.crm.Test_Cases.customePageTest" name="@AfterMethod exitBrowser" time="0.0">
    <skipped/>
  </testcase> <!-- @AfterMethod exitBrowser -->
  <testcase classname="com.crm.Test_Cases.customePageTest" name="@BeforeMethod setUp" time="0.0">
    <skipped/>
  </testcase> <!-- @BeforeMethod setUp -->
  <testcase classname="com.crm.Test_Cases.customePageTest" name="@AfterMethod exitBrowser" time="0.0">
    <skipped/>
  </testcase> <!-- @AfterMethod exitBrowser -->
  <testcase classname="com.crm.Test_Cases.customePageTest" name="@BeforeMethod setUp" time="0.0">
    <skipped/>
  </testcase> <!-- @BeforeMethod setUp -->
  <testcase classname="com.crm.Test_Cases.customePageTest" name="@AfterMethod exitBrowser" time="0.0">
    <skipped/>
  </testcase> <!-- @AfterMethod exitBrowser -->
  <testcase classname="com.crm.Test_Cases.customePageTest" name="@BeforeMethod setUp" time="0.0">
    <skipped/>
  </testcase> <!-- @BeforeMethod setUp -->
  <testcase classname="com.crm.Test_Cases.customePageTest" name="@AfterMethod exitBrowser" time="0.0">
    <skipped/>
  </testcase> <!-- @AfterMethod exitBrowser -->
  <testcase classname="com.crm.Test_Cases.customePageTest" name="@BeforeMethod setUp" time="0.0">
    <skipped/>
  </testcase> <!-- @BeforeMethod setUp -->
  <testcase classname="com.crm.Test_Cases.customePageTest" name="@AfterMethod exitBrowser" time="0.0">
    <skipped/>
  </testcase> <!-- @AfterMethod exitBrowser -->
  <testcase classname="com.crm.Test_Cases.customePageTest" name="@BeforeMethod setUp" time="0.0">
    <skipped/>
  </testcase> <!-- @BeforeMethod setUp -->
  <testcase classname="com.crm.Test_Cases.customePageTest" name="@AfterMethod exitBrowser" time="0.0">
    <skipped/>
  </testcase> <!-- @AfterMethod exitBrowser -->
  <testcase classname="com.crm.Test_Cases.customePageTest" name="@BeforeMethod setUp" time="0.0">
    <skipped/>
  </testcase> <!-- @BeforeMethod setUp -->
  <testcase classname="com.crm.Test_Cases.customePageTest" name="@AfterMethod exitBrowser" time="0.0">
    <skipped/>
  </testcase> <!-- @AfterMethod exitBrowser -->
  <testcase classname="com.crm.Test_Cases.customePageTest" name="@BeforeMethod setUp" time="0.0">
    <skipped/>
  </testcase> <!-- @BeforeMethod setUp -->
  <testcase classname="com.crm.Test_Cases.customePageTest" name="@AfterMethod exitBrowser" time="0.0">
    <skipped/>
  </testcase> <!-- @AfterMethod exitBrowser -->
  <testcase classname="com.crm.Test_Cases.homePageTest" name="@BeforeMethod setUp" time="4.506">
    <failure type="org.openqa.selenium.NoSuchWindowException" message="no such window: target window already closed
from unknown error: web view not found
  (Session info: chrome=99.0.4844.82)
Build info: version: &amp;apos;4.1.2&amp;apos;, revision: &amp;apos;9a5a329c5a&amp;apos;
System info: host: &amp;apos;DESKTOP-77H310P&amp;apos;, ip: &amp;apos;192.168.135.63&amp;apos;, os.name: &amp;apos;Windows 10&amp;apos;, os.arch: &amp;apos;amd64&amp;apos;, os.version: &amp;apos;10.0&amp;apos;, java.version: &amp;apos;17.0.2&amp;apos;
Driver info: org.openqa.selenium.chrome.ChromeDriver
Command: [095d00ab1fdf1cb0efa24930da924dd1, findElement {using=name, value=uid}]
Capabilities {acceptInsecureCerts: false, browserName: chrome, browserVersion: 99.0.4844.82, chrome: {chromedriverVersion: 99.0.4844.51 (d537ec02474b5..., userDataDir: C:\Users\Admin\AppData\Loca...}, goog:chromeOptions: {debuggerAddress: localhost:50451}, javascriptEnabled: true, networkConnectionEnabled: false, pageLoadStrategy: normal, platform: WINDOWS, platformName: WINDOWS, proxy: Proxy(), se:cdp: ws://localhost:50451/devtoo..., se:cdpVersion: 99.0.4844.82, setWindowRect: true, strictFileInteractability: false, timeouts: {implicit: 0, pageLoad: 300000, script: 30000}, unhandledPromptBehavior: dismiss and notify, webauthn:extension:credBlob: true, webauthn:extension:largeBlob: true, webauthn:virtualAuthenticators: true}
Session ID: 095d00ab1fdf1cb0efa24930da924dd1">
      <![CDATA[org.openqa.selenium.NoSuchWindowException: no such window: target window already closed
from unknown error: web view not found
  (Session info: chrome=99.0.4844.82)
Build info: version: '4.1.2', revision: '9a5a329c5a'
System info: host: 'DESKTOP-77H310P', ip: '192.168.135.63', os.name: 'Windows 10', os.arch: 'amd64', os.version: '10.0', java.version: '17.0.2'
Driver info: org.openqa.selenium.chrome.ChromeDriver
Command: [095d00ab1fdf1cb0efa24930da924dd1, findElement {using=name, value=uid}]
Capabilities {acceptInsecureCerts: false, browserName: chrome, browserVersion: 99.0.4844.82, chrome: {chromedriverVersion: 99.0.4844.51 (d537ec02474b5..., userDataDir: C:\Users\Admin\AppData\Loca...}, goog:chromeOptions: {debuggerAddress: localhost:50451}, javascriptEnabled: true, networkConnectionEnabled: false, pageLoadStrategy: normal, platform: WINDOWS, platformName: WINDOWS, proxy: Proxy(), se:cdp: ws://localhost:50451/devtoo..., se:cdpVersion: 99.0.4844.82, setWindowRect: true, strictFileInteractability: false, timeouts: {implicit: 0, pageLoad: 300000, script: 30000}, unhandledPromptBehavior: dismiss and notify, webauthn:extension:credBlob: true, webauthn:extension:largeBlob: true, webauthn:virtualAuthenticators: true}
Session ID: 095d00ab1fdf1cb0efa24930da924dd1
at org.openqa.selenium.remote.codec.w3c.W3CHttpResponseCodec.createException(W3CHttpResponseCodec.java:200)
at org.openqa.selenium.remote.codec.w3c.W3CHttpResponseCodec.decode(W3CHttpResponseCodec.java:133)
at org.openqa.selenium.remote.codec.w3c.W3CHttpResponseCodec.decode(W3CHttpResponseCodec.java:53)
at org.openqa.selenium.remote.HttpCommandExecutor.execute(HttpCommandExecutor.java:184)
at org.openqa.selenium.remote.service.DriverCommandExecutor.invokeExecute(DriverCommandExecutor.java:167)
at org.openqa.selenium.remote.service.DriverCommandExecutor.execute(DriverCommandExecutor.java:142)
at org.openqa.selenium.remote.RemoteWebDriver.execute(RemoteWebDriver.java:558)
at org.openqa.selenium.remote.ElementLocation$ElementFinder$2.findElement(ElementLocation.java:162)
at org.openqa.selenium.remote.ElementLocation.findElement(ElementLocation.java:66)
at org.openqa.selenium.remote.RemoteWebDriver.findElement(RemoteWebDriver.java:382)
at org.openqa.selenium.remote.RemoteWebDriver.findElement(RemoteWebDriver.java:374)
at org.openqa.selenium.support.pagefactory.DefaultElementLocator.findElement(DefaultElementLocator.java:70)
at org.openqa.selenium.support.pagefactory.internal.LocatingElementHandler.invoke(LocatingElementHandler.java:39)
at jdk.proxy2/jdk.proxy2.$Proxy17.sendKeys(Unknown Source)
at qa.Pages.LoginPage.login(LoginPage.java:49)
at com.crm.Test_Cases.homePageTest.setUp(homePageTest.java:38)
at java.base/java.util.ArrayList.forEach(ArrayList.java:1511)
... Removed 36 stack frames]]>
    </failure>
  </testcase> <!-- @BeforeMethod setUp -->
  <testcase classname="com.crm.Test_Cases.homePageTest" name="@AfterMethod exitBrowser" time="0.0">
    <skipped/>
  </testcase> <!-- @AfterMethod exitBrowser -->
  <testcase classname="com.crm.Test_Cases.homePageTest" name="@BeforeMethod setUp" time="0.0">
    <skipped/>
  </testcase> <!-- @BeforeMethod setUp -->
  <testcase classname="com.crm.Test_Cases.homePageTest" name="@AfterMethod exitBrowser" time="0.0">
    <skipped/>
  </testcase> <!-- @AfterMethod exitBrowser -->
  <testcase classname="com.crm.Test_Cases.homePageTest" name="@BeforeMethod setUp" time="0.0">
    <skipped/>
  </testcase> <!-- @BeforeMethod setUp -->
  <testcase classname="com.crm.Test_Cases.homePageTest" name="@AfterMethod exitBrowser" time="0.0">
    <skipped/>
  </testcase> <!-- @AfterMethod exitBrowser -->
  <testcase classname="com.crm.Test_Cases.customePageTest" name="addNewCustomer" time="3.782"/>
  <testcase classname="com.crm.Test_Cases.customePageTest" name="setValuesOnTheForm" time="7.296"/>
  <testcase classname="com.crm.Test_Cases.customePageTest" name="createNewCustomer" time="2.802">
    <failure type="java.lang.IllegalArgumentException" message="Keys to send should be a not null CharSequence">
      <![CDATA[java.lang.IllegalArgumentException: Keys to send should be a not null CharSequence
at org.openqa.selenium.remote.RemoteWebElement.sendKeys(RemoteWebElement.java:92)
at org.openqa.selenium.support.pagefactory.internal.LocatingElementHandler.invoke(LocatingElementHandler.java:52)
at jdk.proxy2/jdk.proxy2.$Proxy17.sendKeys(Unknown Source)
at qa.Pages.CustomerPage.fillTheForm(CustomerPage.java:74)
at com.crm.Test_Cases.customePageTest.createNewCustomer(customePageTest.java:63)
at java.base/java.util.ArrayList.forEach(ArrayList.java:1511)
... Removed 30 stack frames]]>
    </failure>
  </testcase> <!-- createNewCustomer -->
  <testcase classname="com.crm.Test_Cases.customePageTest" name="createNewCustomer" time="3.767">
    <failure type="java.lang.IllegalArgumentException" message="Keys to send should be a not null CharSequence">
      <![CDATA[java.lang.IllegalArgumentException: Keys to send should be a not null CharSequence
at org.openqa.selenium.remote.RemoteWebElement.sendKeys(RemoteWebElement.java:92)
at org.openqa.selenium.support.pagefactory.internal.LocatingElementHandler.invoke(LocatingElementHandler.java:52)
at jdk.proxy2/jdk.proxy2.$Proxy17.sendKeys(Unknown Source)
at qa.Pages.CustomerPage.fillTheForm(CustomerPage.java:74)
at com.crm.Test_Cases.customePageTest.createNewCustomer(customePageTest.java:63)
at java.base/java.util.ArrayList.forEach(ArrayList.java:1511)
... Removed 30 stack frames]]>
    </failure>
  </testcase> <!-- createNewCustomer -->
  <testcase classname="com.crm.Test_Cases.customePageTest" name="createNewCustomer" time="2.648">
    <failure type="java.lang.IllegalArgumentException" message="Keys to send should be a not null CharSequence">
      <![CDATA[java.lang.IllegalArgumentException: Keys to send should be a not null CharSequence
at org.openqa.selenium.remote.RemoteWebElement.sendKeys(RemoteWebElement.java:92)
at org.openqa.selenium.support.pagefactory.internal.LocatingElementHandler.invoke(LocatingElementHandler.java:52)
at jdk.proxy2/jdk.proxy2.$Proxy17.sendKeys(Unknown Source)
at qa.Pages.CustomerPage.fillTheForm(CustomerPage.java:74)
at com.crm.Test_Cases.customePageTest.createNewCustomer(customePageTest.java:63)
at java.base/java.util.ArrayList.forEach(ArrayList.java:1511)
... Removed 30 stack frames]]>
    </failure>
  </testcase> <!-- createNewCustomer -->
  <testcase classname="com.crm.Test_Cases.customePageTest" name="createNewCustomer" time="3.699">
    <failure type="java.lang.IllegalArgumentException" message="Keys to send should be a not null CharSequence">
      <![CDATA[java.lang.IllegalArgumentException: Keys to send should be a not null CharSequence
at org.openqa.selenium.remote.RemoteWebElement.sendKeys(RemoteWebElement.java:92)
at org.openqa.selenium.support.pagefactory.internal.LocatingElementHandler.invoke(LocatingElementHandler.java:52)
at jdk.proxy2/jdk.proxy2.$Proxy17.sendKeys(Unknown Source)
at qa.Pages.CustomerPage.fillTheForm(CustomerPage.java:74)
at com.crm.Test_Cases.customePageTest.createNewCustomer(customePageTest.java:63)
at java.base/java.util.ArrayList.forEach(ArrayList.java:1511)
... Removed 30 stack frames]]>
    </failure>
  </testcase> <!-- createNewCustomer -->
  <testcase classname="com.crm.Test_Cases.customePageTest" name="createNewCustomer" time="0.0">
    <skipped/>
  </testcase> <!-- createNewCustomer -->
  <testcase classname="com.crm.Test_Cases.customePageTest" name="createNewCustomer" time="0.0">
    <skipped/>
  </testcase> <!-- createNewCustomer -->
  <testcase classname="com.crm.Test_Cases.customePageTest" name="createNewCustomer" time="0.0">
    <skipped/>
  </testcase> <!-- createNewCustomer -->
  <testcase classname="com.crm.Test_Cases.customePageTest" name="createNewCustomer" time="0.0">
    <skipped/>
  </testcase> <!-- createNewCustomer -->
  <testcase classname="com.crm.Test_Cases.customePageTest" name="createNewCustomer" time="0.0">
    <skipped/>
  </testcase> <!-- createNewCustomer -->
  <testcase classname="com.crm.Test_Cases.customePageTest" name="createNewCustomer" time="0.0">
    <skipped/>
  </testcase> <!-- createNewCustomer -->
  <testcase classname="com.crm.Test_Cases.customePageTest" name="createNewCustomer" time="0.0">
    <skipped/>
  </testcase> <!-- createNewCustomer -->
  <testcase classname="com.crm.Test_Cases.customePageTest" name="createNewCustomer" time="0.001">
    <skipped/>
  </testcase> <!-- createNewCustomer -->
  <testcase classname="com.crm.Test_Cases.customePageTest" name="createNewCustomer" time="0.0">
    <skipped/>
  </testcase> <!-- createNewCustomer -->
  <testcase classname="com.crm.Test_Cases.customePageTest" name="createNewCustomer" time="0.0">
    <skipped/>
  </testcase> <!-- createNewCustomer -->
  <testcase classname="com.crm.Test_Cases.customePageTest" name="createNewCustomer" time="0.0">
    <skipped/>
  </testcase> <!-- createNewCustomer -->
  <testcase classname="com.crm.Test_Cases.customePageTest" name="createNewCustomer" time="0.0">
    <skipped/>
  </testcase> <!-- createNewCustomer -->
  <testcase classname="com.crm.Test_Cases.customePageTest" name="createNewCustomer" time="0.0">
    <skipped/>
  </testcase> <!-- createNewCustomer -->
  <testcase classname="com.crm.Test_Cases.customePageTest" name="createNewCustomer" time="0.0">
    <skipped/>
  </testcase> <!-- createNewCustomer -->
  <testcase classname="com.crm.Test_Cases.customePageTest" name="createNewCustomer" time="0.0">
    <skipped/>
  </testcase> <!-- createNewCustomer -->
  <testcase classname="com.crm.Test_Cases.customePageTest" name="createNewCustomer" time="0.0">
    <skipped/>
  </testcase> <!-- createNewCustomer -->
  <testcase classname="com.crm.Test_Cases.customePageTest" name="createNewCustomer" time="0.0">
    <skipped/>
  </testcase> <!-- createNewCustomer -->
  <testcase classname="com.crm.Test_Cases.customePageTest" name="createNewCustomer" time="0.0">
    <skipped/>
  </testcase> <!-- createNewCustomer -->
  <testcase classname="com.crm.Test_Cases.customePageTest" name="createNewCustomer" time="0.0">
    <skipped/>
  </testcase> <!-- createNewCustomer -->
  <testcase classname="com.crm.Test_Cases.customePageTest" name="createNewCustomer" time="0.0">
    <skipped/>
  </testcase> <!-- createNewCustomer -->
  <testcase classname="com.crm.Test_Cases.homePageTest" name="vrfyHomePageTitleTest" time="0.0">
    <skipped/>
  </testcase> <!-- vrfyHomePageTitleTest -->
  <testcase classname="com.crm.Test_Cases.homePageTest" name="vrfyLogoTest" time="0.0">
    <skipped/>
  </testcase> <!-- vrfyLogoTest -->
  <testcase classname="com.crm.Test_Cases.homePageTest" name="vrfyNewCustomerTest" time="0.0">
    <skipped/>
  </testcase> <!-- vrfyNewCustomerTest -->
  <testcase classname="com.crm.Test_Cases.loginTest" name="validatePageTitleTest" time="0.006">
    <failure type="org.openqa.selenium.NoSuchWindowException" message="no such window: target window already closed
from unknown error: web view not found
  (Session info: chrome=99.0.4844.82)
Build info: version: &amp;apos;4.1.2&amp;apos;, revision: &amp;apos;9a5a329c5a&amp;apos;
System info: host: &amp;apos;DESKTOP-77H310P&amp;apos;, ip: &amp;apos;192.168.135.63&amp;apos;, os.name: &amp;apos;Windows 10&amp;apos;, os.arch: &amp;apos;amd64&amp;apos;, os.version: &amp;apos;10.0&amp;apos;, java.version: &amp;apos;17.0.2&amp;apos;
Driver info: org.openqa.selenium.chrome.ChromeDriver
Command: [2b89e3f936662337739d19edb946d3ba, getTitle {}]
Capabilities {acceptInsecureCerts: false, browserName: chrome, browserVersion: 99.0.4844.82, chrome: {chromedriverVersion: 99.0.4844.51 (d537ec02474b5..., userDataDir: C:\Users\Admin\AppData\Loca...}, goog:chromeOptions: {debuggerAddress: localhost:50482}, javascriptEnabled: true, networkConnectionEnabled: false, pageLoadStrategy: normal, platform: WINDOWS, platformName: WINDOWS, proxy: Proxy(), se:cdp: ws://localhost:50482/devtoo..., se:cdpVersion: 99.0.4844.82, setWindowRect: true, strictFileInteractability: false, timeouts: {implicit: 0, pageLoad: 300000, script: 30000}, unhandledPromptBehavior: dismiss and notify, webauthn:extension:credBlob: true, webauthn:extension:largeBlob: true, webauthn:virtualAuthenticators: true}
Session ID: 2b89e3f936662337739d19edb946d3ba">
      <![CDATA[org.openqa.selenium.NoSuchWindowException: no such window: target window already closed
from unknown error: web view not found
  (Session info: chrome=99.0.4844.82)
Build info: version: '4.1.2', revision: '9a5a329c5a'
System info: host: 'DESKTOP-77H310P', ip: '192.168.135.63', os.name: 'Windows 10', os.arch: 'amd64', os.version: '10.0', java.version: '17.0.2'
Driver info: org.openqa.selenium.chrome.ChromeDriver
Command: [2b89e3f936662337739d19edb946d3ba, getTitle {}]
Capabilities {acceptInsecureCerts: false, browserName: chrome, browserVersion: 99.0.4844.82, chrome: {chromedriverVersion: 99.0.4844.51 (d537ec02474b5..., userDataDir: C:\Users\Admin\AppData\Loca...}, goog:chromeOptions: {debuggerAddress: localhost:50482}, javascriptEnabled: true, networkConnectionEnabled: false, pageLoadStrategy: normal, platform: WINDOWS, platformName: WINDOWS, proxy: Proxy(), se:cdp: ws://localhost:50482/devtoo..., se:cdpVersion: 99.0.4844.82, setWindowRect: true, strictFileInteractability: false, timeouts: {implicit: 0, pageLoad: 300000, script: 30000}, unhandledPromptBehavior: dismiss and notify, webauthn:extension:credBlob: true, webauthn:extension:largeBlob: true, webauthn:virtualAuthenticators: true}
Session ID: 2b89e3f936662337739d19edb946d3ba
at org.openqa.selenium.remote.codec.w3c.W3CHttpResponseCodec.createException(W3CHttpResponseCodec.java:200)
at org.openqa.selenium.remote.codec.w3c.W3CHttpResponseCodec.decode(W3CHttpResponseCodec.java:133)
at org.openqa.selenium.remote.codec.w3c.W3CHttpResponseCodec.decode(W3CHttpResponseCodec.java:53)
at org.openqa.selenium.remote.HttpCommandExecutor.execute(HttpCommandExecutor.java:184)
at org.openqa.selenium.remote.service.DriverCommandExecutor.invokeExecute(DriverCommandExecutor.java:167)
at org.openqa.selenium.remote.service.DriverCommandExecutor.execute(DriverCommandExecutor.java:142)
at org.openqa.selenium.remote.RemoteWebDriver.execute(RemoteWebDriver.java:558)
at org.openqa.selenium.remote.RemoteWebDriver.execute(RemoteWebDriver.java:613)
at org.openqa.selenium.remote.RemoteWebDriver.execute(RemoteWebDriver.java:617)
at org.openqa.selenium.remote.RemoteWebDriver.getTitle(RemoteWebDriver.java:332)
at qa.Pages.LoginPage.validationLogin(LoginPage.java:41)
at com.crm.Test_Cases.loginTest.validatePageTitleTest(loginTest.java:27)
at java.base/java.util.ArrayList.forEach(ArrayList.java:1511)
... Removed 32 stack frames]]>
    </failure>
  </testcase> <!-- validatePageTitleTest -->
  <testcase classname="com.crm.Test_Cases.loginTest" name="crmLogoTest" time="0.012">
    <failure type="org.openqa.selenium.NoSuchWindowException" message="no such window: target window already closed
from unknown error: web view not found
  (Session info: chrome=99.0.4844.82)
Build info: version: &amp;apos;4.1.2&amp;apos;, revision: &amp;apos;9a5a329c5a&amp;apos;
System info: host: &amp;apos;DESKTOP-77H310P&amp;apos;, ip: &amp;apos;192.168.135.63&amp;apos;, os.name: &amp;apos;Windows 10&amp;apos;, os.arch: &amp;apos;amd64&amp;apos;, os.version: &amp;apos;10.0&amp;apos;, java.version: &amp;apos;17.0.2&amp;apos;
Driver info: org.openqa.selenium.chrome.ChromeDriver
Command: [38ce8703461c0fb4c6a0e7422c5b377b, findElement {using=xpath, value=/html/body/div[1]/div[1]/div[1]/div[1]/a/img}]
Capabilities {acceptInsecureCerts: false, browserName: chrome, browserVersion: 99.0.4844.82, chrome: {chromedriverVersion: 99.0.4844.51 (d537ec02474b5..., userDataDir: C:\Users\Admin\AppData\Loca...}, goog:chromeOptions: {debuggerAddress: localhost:50508}, javascriptEnabled: true, networkConnectionEnabled: false, pageLoadStrategy: normal, platform: WINDOWS, platformName: WINDOWS, proxy: Proxy(), se:cdp: ws://localhost:50508/devtoo..., se:cdpVersion: 99.0.4844.82, setWindowRect: true, strictFileInteractability: false, timeouts: {implicit: 0, pageLoad: 300000, script: 30000}, unhandledPromptBehavior: dismiss and notify, webauthn:extension:credBlob: true, webauthn:extension:largeBlob: true, webauthn:virtualAuthenticators: true}
Session ID: 38ce8703461c0fb4c6a0e7422c5b377b">
      <![CDATA[org.openqa.selenium.NoSuchWindowException: no such window: target window already closed
from unknown error: web view not found
  (Session info: chrome=99.0.4844.82)
Build info: version: '4.1.2', revision: '9a5a329c5a'
System info: host: 'DESKTOP-77H310P', ip: '192.168.135.63', os.name: 'Windows 10', os.arch: 'amd64', os.version: '10.0', java.version: '17.0.2'
Driver info: org.openqa.selenium.chrome.ChromeDriver
Command: [38ce8703461c0fb4c6a0e7422c5b377b, findElement {using=xpath, value=/html/body/div[1]/div[1]/div[1]/div[1]/a/img}]
Capabilities {acceptInsecureCerts: false, browserName: chrome, browserVersion: 99.0.4844.82, chrome: {chromedriverVersion: 99.0.4844.51 (d537ec02474b5..., userDataDir: C:\Users\Admin\AppData\Loca...}, goog:chromeOptions: {debuggerAddress: localhost:50508}, javascriptEnabled: true, networkConnectionEnabled: false, pageLoadStrategy: normal, platform: WINDOWS, platformName: WINDOWS, proxy: Proxy(), se:cdp: ws://localhost:50508/devtoo..., se:cdpVersion: 99.0.4844.82, setWindowRect: true, strictFileInteractability: false, timeouts: {implicit: 0, pageLoad: 300000, script: 30000}, unhandledPromptBehavior: dismiss and notify, webauthn:extension:credBlob: true, webauthn:extension:largeBlob: true, webauthn:virtualAuthenticators: true}
Session ID: 38ce8703461c0fb4c6a0e7422c5b377b
at org.openqa.selenium.remote.codec.w3c.W3CHttpResponseCodec.createException(W3CHttpResponseCodec.java:200)
at org.openqa.selenium.remote.codec.w3c.W3CHttpResponseCodec.decode(W3CHttpResponseCodec.java:133)
at org.openqa.selenium.remote.codec.w3c.W3CHttpResponseCodec.decode(W3CHttpResponseCodec.java:53)
at org.openqa.selenium.remote.HttpCommandExecutor.execute(HttpCommandExecutor.java:184)
at org.openqa.selenium.remote.service.DriverCommandExecutor.invokeExecute(DriverCommandExecutor.java:167)
at org.openqa.selenium.remote.service.DriverCommandExecutor.execute(DriverCommandExecutor.java:142)
at org.openqa.selenium.remote.RemoteWebDriver.execute(RemoteWebDriver.java:558)
at org.openqa.selenium.remote.ElementLocation$ElementFinder$2.findElement(ElementLocation.java:162)
at org.openqa.selenium.remote.ElementLocation.findElement(ElementLocation.java:60)
at org.openqa.selenium.remote.RemoteWebDriver.findElement(RemoteWebDriver.java:382)
at org.openqa.selenium.remote.RemoteWebDriver.findElement(RemoteWebDriver.java:374)
at org.openqa.selenium.support.pagefactory.DefaultElementLocator.findElement(DefaultElementLocator.java:70)
at org.openqa.selenium.support.pagefactory.internal.LocatingElementHandler.invoke(LocatingElementHandler.java:39)
at jdk.proxy2/jdk.proxy2.$Proxy17.isDisplayed(Unknown Source)
at qa.Pages.LoginPage.validationLogo(LoginPage.java:45)
at com.crm.Test_Cases.loginTest.crmLogoTest(loginTest.java:33)
at java.base/java.util.ArrayList.forEach(ArrayList.java:1511)
... Removed 32 stack frames]]>
    </failure>
  </testcase> <!-- crmLogoTest -->
  <testcase classname="com.crm.Test_Cases.loginTest" name="loginiTest" time="0.016">
    <failure type="org.openqa.selenium.NoSuchWindowException" message="no such window: target window already closed
from unknown error: web view not found
  (Session info: chrome=99.0.4844.82)
Build info: version: &amp;apos;4.1.2&amp;apos;, revision: &amp;apos;9a5a329c5a&amp;apos;
System info: host: &amp;apos;DESKTOP-77H310P&amp;apos;, ip: &amp;apos;192.168.135.63&amp;apos;, os.name: &amp;apos;Windows 10&amp;apos;, os.arch: &amp;apos;amd64&amp;apos;, os.version: &amp;apos;10.0&amp;apos;, java.version: &amp;apos;17.0.2&amp;apos;
Driver info: org.openqa.selenium.chrome.ChromeDriver
Command: [5a47c9fae2292b75462a4c6364c1e85a, findElement {using=name, value=uid}]
Capabilities {acceptInsecureCerts: false, browserName: chrome, browserVersion: 99.0.4844.82, chrome: {chromedriverVersion: 99.0.4844.51 (d537ec02474b5..., userDataDir: C:\Users\Admin\AppData\Loca...}, goog:chromeOptions: {debuggerAddress: localhost:50533}, javascriptEnabled: true, networkConnectionEnabled: false, pageLoadStrategy: normal, platform: WINDOWS, platformName: WINDOWS, proxy: Proxy(), se:cdp: ws://localhost:50533/devtoo..., se:cdpVersion: 99.0.4844.82, setWindowRect: true, strictFileInteractability: false, timeouts: {implicit: 0, pageLoad: 300000, script: 30000}, unhandledPromptBehavior: dismiss and notify, webauthn:extension:credBlob: true, webauthn:extension:largeBlob: true, webauthn:virtualAuthenticators: true}
Session ID: 5a47c9fae2292b75462a4c6364c1e85a">
      <![CDATA[org.openqa.selenium.NoSuchWindowException: no such window: target window already closed
from unknown error: web view not found
  (Session info: chrome=99.0.4844.82)
Build info: version: '4.1.2', revision: '9a5a329c5a'
System info: host: 'DESKTOP-77H310P', ip: '192.168.135.63', os.name: 'Windows 10', os.arch: 'amd64', os.version: '10.0', java.version: '17.0.2'
Driver info: org.openqa.selenium.chrome.ChromeDriver
Command: [5a47c9fae2292b75462a4c6364c1e85a, findElement {using=name, value=uid}]
Capabilities {acceptInsecureCerts: false, browserName: chrome, browserVersion: 99.0.4844.82, chrome: {chromedriverVersion: 99.0.4844.51 (d537ec02474b5..., userDataDir: C:\Users\Admin\AppData\Loca...}, goog:chromeOptions: {debuggerAddress: localhost:50533}, javascriptEnabled: true, networkConnectionEnabled: false, pageLoadStrategy: normal, platform: WINDOWS, platformName: WINDOWS, proxy: Proxy(), se:cdp: ws://localhost:50533/devtoo..., se:cdpVersion: 99.0.4844.82, setWindowRect: true, strictFileInteractability: false, timeouts: {implicit: 0, pageLoad: 300000, script: 30000}, unhandledPromptBehavior: dismiss and notify, webauthn:extension:credBlob: true, webauthn:extension:largeBlob: true, webauthn:virtualAuthenticators: true}
Session ID: 5a47c9fae2292b75462a4c6364c1e85a
at org.openqa.selenium.remote.codec.w3c.W3CHttpResponseCodec.createException(W3CHttpResponseCodec.java:200)
at org.openqa.selenium.remote.codec.w3c.W3CHttpResponseCodec.decode(W3CHttpResponseCodec.java:133)
at org.openqa.selenium.remote.codec.w3c.W3CHttpResponseCodec.decode(W3CHttpResponseCodec.java:53)
at org.openqa.selenium.remote.HttpCommandExecutor.execute(HttpCommandExecutor.java:184)
at org.openqa.selenium.remote.service.DriverCommandExecutor.invokeExecute(DriverCommandExecutor.java:167)
at org.openqa.selenium.remote.service.DriverCommandExecutor.execute(DriverCommandExecutor.java:142)
at org.openqa.selenium.remote.RemoteWebDriver.execute(RemoteWebDriver.java:558)
at org.openqa.selenium.remote.ElementLocation$ElementFinder$2.findElement(ElementLocation.java:162)
at org.openqa.selenium.remote.ElementLocation.findElement(ElementLocation.java:66)
at org.openqa.selenium.remote.RemoteWebDriver.findElement(RemoteWebDriver.java:382)
at org.openqa.selenium.remote.RemoteWebDriver.findElement(RemoteWebDriver.java:374)
at org.openqa.selenium.support.pagefactory.DefaultElementLocator.findElement(DefaultElementLocator.java:70)
at org.openqa.selenium.support.pagefactory.internal.LocatingElementHandler.invoke(LocatingElementHandler.java:39)
at jdk.proxy2/jdk.proxy2.$Proxy17.sendKeys(Unknown Source)
at qa.Pages.LoginPage.login(LoginPage.java:49)
at com.crm.Test_Cases.loginTest.loginiTest(loginTest.java:39)
at java.base/java.util.ArrayList.forEach(ArrayList.java:1511)
... Removed 32 stack frames]]>
    </failure>
  </testcase> <!-- loginiTest -->
</testsuite> <!-- Automation -->
